# JRE version: OpenJDK Runtime Environment Temurin-21.0.4+7 (21.0.4+7) (build 21.0.4+7-LTS)
# Java VM: OpenJDK 64-Bit Server VM Temurin-21.0.4+7 (21.0.4+7-LTS, mixed mode, sharing, tiered, compressed oops, compressed class ptrs, g1 gc, windows-amd64)
GC Precious Log:
 CardTable entry size: 512
 Card Set container configuration: InlinePtr #cards 4 size 8 Array Of Cards #cards 32 size 80 Howl #buckets 8 coarsen threshold 7372 Howl Bitmap #cards 1024 size 144 coarsen threshold 921 Card regions per heap region 1 cards per card region 8192
 CPUs: 8 total, 8 available
 Memory: 24291M
 Large Page Support: Disabled
 NUMA Support: Disabled
 Compressed Oops: Enabled (Zero based)
 Heap Region Size: 4M
 Heap Min Capacity: 8M
 Heap Initial Capacity: 380M
 Heap Max Capacity: 6076M
 Pre-touch: Disabled
 Parallel Workers: 8
 Concurrent Workers: 2
 Concurrent Refinement Workers: 8
 Periodic GC: Disabled
Heap:
 garbage-first heap   total 40960K, used 19077K [0x0000000684400000, 0x0000000800000000)
  region size 4096K, 3 young (12288K), 0 survivors (0K)
 Metaspace       used 10385K, committed 10688K, reserved 1114112K
  class space    used 984K, committed 1088K, reserved 1048576K
GC Heap History (20 events):
Event: 387.090 GC heap before
{Heap before GC invocations=30 (full 16):
 garbage-first heap   total 40960K, used 26166K [0x0000000684400000, 0x0000000800000000)
  region size 4096K, 7 young (28672K), 1 survivors (4096K)
 Metaspace       used 10292K, committed 10560K, reserved 1114112K
  class space    used 978K, committed 1088K, reserved 1048576K
}
Event: 387.092 GC heap after
{Heap after GC invocations=31 (full 16):
 garbage-first heap   total 45056K, used 10724K [0x0000000684400000, 0x0000000800000000)
  region size 4096K, 1 young (4096K), 1 survivors (4096K)
 Metaspace       used 10292K, committed 10560K, reserved 1114112K
  class space    used 978K, committed 1088K, reserved 1048576K
}
Event: 387.408 GC heap before
{Heap before GC invocations=31 (full 16):
 garbage-first heap   total 45056K, used 27108K [0x0000000684400000, 0x0000000800000000)
  region size 4096K, 6 young (24576K), 1 survivors (4096K)
 Metaspace       used 10298K, committed 10560K, reserved 1114112K
  class space    used 978K, committed 1088K, reserved 1048576K
}
Event: 387.410 GC heap after
{Heap after GC invocations=32 (full 16):
 garbage-first heap   total 45056K, used 9782K [0x0000000684400000, 0x0000000800000000)
  region size 4096K, 1 young (4096K), 1 survivors (4096K)
 Metaspace       used 10298K, committed 10560K, reserved 1114112K
  class space    used 978K, committed 1088K, reserved 1048576K
}
Event: 387.741 GC heap before
{Heap before GC invocations=32 (full 16):
 garbage-first heap   total 45056K, used 26166K [0x0000000684400000, 0x0000000800000000)
  region size 4096K, 6 young (24576K), 1 survivors (4096K)
 Metaspace       used 10305K, committed 10560K, reserved 1114112K
  class space    used 978K, committed 1088K, reserved 1048576K
}
Event: 387.742 GC heap after
{Heap after GC invocations=33 (full 16):
 garbage-first heap   total 45056K, used 9788K [0x0000000684400000, 0x0000000800000000)
  region size 4096K, 1 young (4096K), 1 survivors (4096K)
 Metaspace       used 10305K, committed 10560K, reserved 1114112K
  class space    used 978K, committed 1088K, reserved 1048576K
}
Event: 387.761 GC heap before
{Heap before GC invocations=33 (full 16):
 garbage-first heap   total 45056K, used 9788K [0x0000000684400000, 0x0000000800000000)
  region size 4096K, 2 young (8192K), 1 survivors (4096K)
 Metaspace       used 10312K, committed 10560K, reserved 1114112K
  class space    used 978K, committed 1088K, reserved 1048576K
}
Event: 387.776 GC heap after
{Heap after GC invocations=34 (full 17):
 garbage-first heap   total 40960K, used 10686K [0x0000000684400000, 0x0000000800000000)
  region size 4096K, 0 young (0K), 0 survivors (0K)
 Metaspace       used 10312K, committed 10560K, reserved 1114112K
  class space    used 978K, committed 1088K, reserved 1048576K
}
Event: 388.976 GC heap before
{Heap before GC invocations=34 (full 17):
 garbage-first heap   total 40960K, used 10686K [0x0000000684400000, 0x0000000800000000)
  region size 4096K, 2 young (8192K), 0 survivors (0K)
 Metaspace       used 10329K, committed 10560K, reserved 1114112K
  class space    used 978K, committed 1088K, reserved 1048576K
}
Event: 388.989 GC heap after
{Heap after GC invocations=35 (full 18):
 garbage-first heap   total 40960K, used 11758K [0x0000000684400000, 0x0000000800000000)
  region size 4096K, 0 young (0K), 0 survivors (0K)
 Metaspace       used 10329K, committed 10560K, reserved 1114112K
  class space    used 978K, committed 1088K, reserved 1048576K
}
Event: 446.433 GC heap before
{Heap before GC invocations=35 (full 18):
 garbage-first heap   total 40960K, used 11758K [0x0000000684400000, 0x0000000800000000)
  region size 4096K, 1 young (4096K), 0 survivors (0K)
 Metaspace       used 10330K, committed 10560K, reserved 1114112K
  class space    used 978K, committed 1088K, reserved 1048576K
}
Event: 446.453 GC heap after
{Heap after GC invocations=36 (full 19):
 garbage-first heap   total 40960K, used 10828K [0x0000000684400000, 0x0000000800000000)
  region size 4096K, 0 young (0K), 0 survivors (0K)
 Metaspace       used 10330K, committed 10560K, reserved 1114112K
  class space    used 978K, committed 1088K, reserved 1048576K
}
Event: 446.995 GC heap before
{Heap before GC invocations=36 (full 19):
 garbage-first heap   total 40960K, used 10828K [0x0000000684400000, 0x0000000800000000)
  region size 4096K, 1 young (4096K), 0 survivors (0K)
 Metaspace       used 10359K, committed 10560K, reserved 1114112K
  class space    used 983K, committed 1088K, reserved 1048576K
}
Event: 447.013 GC heap after
{Heap after GC invocations=37 (full 20):
 garbage-first heap   total 40960K, used 10849K [0x0000000684400000, 0x0000000800000000)
  region size 4096K, 0 young (0K), 0 survivors (0K)
 Metaspace       used 10346K, committed 10560K, reserved 1114112K
  class space    used 978K, committed 1088K, reserved 1048576K
}
Event: 448.818 GC heap before
{Heap before GC invocations=37 (full 20):
 garbage-first heap   total 40960K, used 10849K [0x0000000684400000, 0x0000000800000000)
  region size 4096K, 1 young (4096K), 0 survivors (0K)
 Metaspace       used 10347K, committed 10560K, reserved 1114112K
  class space    used 978K, committed 1088K, reserved 1048576K
}
Event: 448.839 GC heap after
{Heap after GC invocations=38 (full 21):
 garbage-first heap   total 40960K, used 10834K [0x0000000684400000, 0x0000000800000000)
  region size 4096K, 0 young (0K), 0 survivors (0K)
 Metaspace       used 10347K, committed 10560K, reserved 1114112K
  class space    used 978K, committed 1088K, reserved 1048576K
}
Event: 449.045 GC heap before
{Heap before GC invocations=38 (full 21):
 garbage-first heap   total 40960K, used 10834K [0x0000000684400000, 0x0000000800000000)
  region size 4096K, 1 young (4096K), 0 survivors (0K)
 Metaspace       used 10369K, committed 10560K, reserved 1114112K
  class space    used 983K, committed 1088K, reserved 1048576K
}
Event: 449.059 GC heap after
{Heap after GC invocations=39 (full 22):
 garbage-first heap   total 40960K, used 10888K [0x0000000684400000, 0x0000000800000000)
  region size 4096K, 0 young (0K), 0 survivors (0K)
 Metaspace       used 10369K, committed 10560K, reserved 1114112K
  class space    used 983K, committed 1088K, reserved 1048576K
}
Event: 454.883 GC heap before
{Heap before GC invocations=39 (full 22):
 garbage-first heap   total 40960K, used 10888K [0x0000000684400000, 0x0000000800000000)
  region size 4096K, 1 young (4096K), 0 survivors (0K)
 Metaspace       used 10369K, committed 10560K, reserved 1114112K
  class space    used 983K, committed 1088K, reserved 1048576K
}
Event: 454.902 GC heap after
{Heap after GC invocations=40 (full 23):
 garbage-first heap   total 40960K, used 10885K [0x0000000684400000, 0x0000000800000000)
  region size 4096K, 0 young (0K), 0 survivors (0K)
 Metaspace       used 10369K, committed 10560K, reserved 1114112K
  class space    used 983K, committed 1088K, reserved 1048576K
}

